<?xml version="1.0" encoding="UTF-8"?>
<!-- Generated by org.testng.reporters.JUnitReportReporter -->
<testsuite hostname="DESKTOP-VCK713F" failures="0" tests="1" name="test.upload_File" time="19.770" errors="0" timestamp="2023-04-06T14:57:16 IST" skipped="0">
  <testcase classname="test.upload_File" name="one" time="19.770"/>
  <system-out/>
</testsuite> <!-- test.upload_File -->
