<?xml version="1.0" encoding="UTF-8"?>
<!-- Generated by org.testng.reporters.JUnitReportReporter -->
<testsuite hostname="DESKTOP-VCK713F" failures="0" tests="1" name="test.windowHandle" time="12.201" errors="0" timestamp="2023-04-08T14:32:54 IST" skipped="0">
  <testcase classname="test.windowHandle" name="wondow" time="12.201"/>
  <system-out/>
</testsuite> <!-- test.windowHandle -->
