<?xml version="1.0" encoding="UTF-8"?>
<!-- Generated by org.testng.reporters.JUnitReportReporter -->
<testsuite hostname="DESKTOP-VCK713F" failures="0" tests="1" name="test.sss" time="14.913" errors="0" timestamp="2023-04-05T18:46:46 IST" skipped="0">
  <testcase classname="test.sss" name="one" time="14.913"/>
  <system-out/>
</testsuite> <!-- test.sss -->
